#! /c/Source/iverilog-install/bin/vvp
:ivl_version "12.0 (devel)" "(s20150603-1539-g2693dd32b)";
:ivl_delay_selection "TYPICAL";
:vpi_time_precision + 0;
:vpi_module "C:\iverilog\lib\ivl\system.vpi";
:vpi_module "C:\iverilog\lib\ivl\vhdl_sys.vpi";
:vpi_module "C:\iverilog\lib\ivl\vhdl_textio.vpi";
:vpi_module "C:\iverilog\lib\ivl\v2005_math.vpi";
:vpi_module "C:\iverilog\lib\ivl\va_math.vpi";
S_0000025ab226aa80 .scope module, "tb_Sequence_Detector_Moore_FSM_Verilog" "tb_Sequence_Detector_Moore_FSM_Verilog" 2 2;
 .timescale 0 0;
P_0000025ab2258090 .param/l "CLK_PERIOD" 0 2 12, +C4<00000000000000000000000000001010>;
v0000025ab2232730_0 .var "clock", 0 0;
v0000025ab22327d0_0 .net "detector_out", 0 0, v0000025ab232bca0_0;  1 drivers
v0000025ab2232870_0 .var "reset", 0 0;
v0000025ab2232910_0 .var "sequence_in", 0 0;
S_0000025ab226ac10 .scope module, "uut" "Sequence_Detector_MOORE_Verilog" 2 15, 3 1 0, S_0000025ab226aa80;
 .timescale 0 0;
    .port_info 0 /INPUT 1 "sequence_in";
    .port_info 1 /INPUT 1 "clock";
    .port_info 2 /INPUT 1 "reset";
    .port_info 3 /OUTPUT 1 "detector_out";
P_0000025ab226ada0 .param/l "One" 0 3 13, C4<0001>;
P_0000025ab226add8 .param/l "OneZero" 0 3 14, C4<0010>;
P_0000025ab226ae10 .param/l "OneZeroZero" 0 3 15, C4<0100>;
P_0000025ab226ae48 .param/l "OneZeroZeroOne" 0 3 16, C4<1001>;
P_0000025ab226ae80 .param/l "Zero" 0 3 12, C4<0000>;
v0000025ab2232550_0 .net "clock", 0 0, v0000025ab2232730_0;  1 drivers
v0000025ab232bc00_0 .var "current_state", 3 0;
v0000025ab232bca0_0 .var "detector_out", 0 0;
v0000025ab232bd40_0 .var "next_state", 3 0;
v0000025ab22325f0_0 .net "reset", 0 0, v0000025ab2232870_0;  1 drivers
v0000025ab2232690_0 .net "sequence_in", 0 0, v0000025ab2232910_0;  1 drivers
E_0000025ab2257f10 .event anyedge, v0000025ab232bc00_0;
E_0000025ab2257e10 .event anyedge, v0000025ab2232690_0, v0000025ab232bc00_0;
E_0000025ab2257ad0 .event posedge, v0000025ab22325f0_0, v0000025ab2232550_0;
    .scope S_0000025ab226ac10;
T_0 ;
    %wait E_0000025ab2257ad0;
    %load/vec4 v0000025ab22325f0_0;
    %pad/u 32;
    %cmpi/e 1, 0, 32;
    %jmp/0xz  T_0.0, 4;
    %pushi/vec4 0, 0, 4;
    %assign/vec4 v0000025ab232bc00_0, 0;
    %jmp T_0.1;
T_0.0 ;
    %load/vec4 v0000025ab232bd40_0;
    %assign/vec4 v0000025ab232bc00_0, 0;
T_0.1 ;
    %jmp T_0;
    .thread T_0;
    .scope S_0000025ab226ac10;
T_1 ;
    %wait E_0000025ab2257e10;
    %load/vec4 v0000025ab232bc00_0;
    %dup/vec4;
    %pushi/vec4 0, 0, 4;
    %cmp/u;
    %jmp/1 T_1.0, 6;
    %dup/vec4;
    %pushi/vec4 1, 0, 4;
    %cmp/u;
    %jmp/1 T_1.1, 6;
    %dup/vec4;
    %pushi/vec4 2, 0, 4;
    %cmp/u;
    %jmp/1 T_1.2, 6;
    %dup/vec4;
    %pushi/vec4 4, 0, 4;
    %cmp/u;
    %jmp/1 T_1.3, 6;
    %dup/vec4;
    %pushi/vec4 9, 0, 4;
    %cmp/u;
    %jmp/1 T_1.4, 6;
    %pushi/vec4 0, 0, 4;
    %store/vec4 v0000025ab232bd40_0, 0, 4;
    %jmp T_1.6;
T_1.0 ;
    %load/vec4 v0000025ab2232690_0;
    %pad/u 32;
    %cmpi/e 1, 0, 32;
    %jmp/0xz  T_1.7, 4;
    %pushi/vec4 1, 0, 4;
    %store/vec4 v0000025ab232bd40_0, 0, 4;
    %jmp T_1.8;
T_1.7 ;
    %pushi/vec4 0, 0, 4;
    %store/vec4 v0000025ab232bd40_0, 0, 4;
T_1.8 ;
    %jmp T_1.6;
T_1.1 ;
    %load/vec4 v0000025ab2232690_0;
    %pad/u 32;
    %cmpi/e 0, 0, 32;
    %jmp/0xz  T_1.9, 4;
    %pushi/vec4 2, 0, 4;
    %store/vec4 v0000025ab232bd40_0, 0, 4;
    %jmp T_1.10;
T_1.9 ;
    %pushi/vec4 1, 0, 4;
    %store/vec4 v0000025ab232bd40_0, 0, 4;
T_1.10 ;
    %jmp T_1.6;
T_1.2 ;
    %load/vec4 v0000025ab2232690_0;
    %pad/u 32;
    %cmpi/e 0, 0, 32;
    %jmp/0xz  T_1.11, 4;
    %pushi/vec4 4, 0, 4;
    %store/vec4 v0000025ab232bd40_0, 0, 4;
    %jmp T_1.12;
T_1.11 ;
    %pushi/vec4 1, 0, 4;
    %store/vec4 v0000025ab232bd40_0, 0, 4;
T_1.12 ;
    %jmp T_1.6;
T_1.3 ;
    %load/vec4 v0000025ab2232690_0;
    %pad/u 32;
    %cmpi/e 0, 0, 32;
    %jmp/0xz  T_1.13, 4;
    %pushi/vec4 0, 0, 4;
    %store/vec4 v0000025ab232bd40_0, 0, 4;
    %jmp T_1.14;
T_1.13 ;
    %pushi/vec4 9, 0, 4;
    %store/vec4 v0000025ab232bd40_0, 0, 4;
T_1.14 ;
    %jmp T_1.6;
T_1.4 ;
    %load/vec4 v0000025ab2232690_0;
    %pad/u 32;
    %cmpi/e 0, 0, 32;
    %jmp/0xz  T_1.15, 4;
    %pushi/vec4 2, 0, 4;
    %store/vec4 v0000025ab232bd40_0, 0, 4;
    %jmp T_1.16;
T_1.15 ;
    %pushi/vec4 1, 0, 4;
    %store/vec4 v0000025ab232bd40_0, 0, 4;
T_1.16 ;
    %jmp T_1.6;
T_1.6 ;
    %pop/vec4 1;
    %jmp T_1;
    .thread T_1, $push;
    .scope S_0000025ab226ac10;
T_2 ;
    %wait E_0000025ab2257f10;
    %load/vec4 v0000025ab232bc00_0;
    %dup/vec4;
    %pushi/vec4 0, 0, 4;
    %cmp/u;
    %jmp/1 T_2.0, 6;
    %dup/vec4;
    %pushi/vec4 1, 0, 4;
    %cmp/u;
    %jmp/1 T_2.1, 6;
    %dup/vec4;
    %pushi/vec4 2, 0, 4;
    %cmp/u;
    %jmp/1 T_2.2, 6;
    %dup/vec4;
    %pushi/vec4 4, 0, 4;
    %cmp/u;
    %jmp/1 T_2.3, 6;
    %dup/vec4;
    %pushi/vec4 9, 0, 4;
    %cmp/u;
    %jmp/1 T_2.4, 6;
    %pushi/vec4 0, 0, 1;
    %store/vec4 v0000025ab232bca0_0, 0, 1;
    %jmp T_2.6;
T_2.0 ;
    %pushi/vec4 0, 0, 1;
    %store/vec4 v0000025ab232bca0_0, 0, 1;
    %jmp T_2.6;
T_2.1 ;
    %pushi/vec4 0, 0, 1;
    %store/vec4 v0000025ab232bca0_0, 0, 1;
    %jmp T_2.6;
T_2.2 ;
    %pushi/vec4 0, 0, 1;
    %store/vec4 v0000025ab232bca0_0, 0, 1;
    %jmp T_2.6;
T_2.3 ;
    %pushi/vec4 0, 0, 1;
    %store/vec4 v0000025ab232bca0_0, 0, 1;
    %jmp T_2.6;
T_2.4 ;
    %pushi/vec4 1, 0, 1;
    %store/vec4 v0000025ab232bca0_0, 0, 1;
    %jmp T_2.6;
T_2.6 ;
    %pop/vec4 1;
    %jmp T_2;
    .thread T_2, $push;
    .scope S_0000025ab226aa80;
T_3 ;
    %delay 5, 0;
    %load/vec4 v0000025ab2232730_0;
    %inv;
    %store/vec4 v0000025ab2232730_0, 0, 1;
    %jmp T_3;
    .thread T_3;
    .scope S_0000025ab226aa80;
T_4 ;
    %pushi/vec4 0, 0, 1;
    %store/vec4 v0000025ab2232730_0, 0, 1;
    %end;
    .thread T_4;
    .scope S_0000025ab226aa80;
T_5 ;
    %vpi_call 2 31 "$dumpfile", "Seq_tb.vcd" {0 0 0};
    %vpi_call 2 32 "$dumpvars", 32'sb00000000000000000000000000000000, S_0000025ab226aa80 {0 0 0};
    %pushi/vec4 0, 0, 1;
    %store/vec4 v0000025ab2232910_0, 0, 1;
    %pushi/vec4 1, 0, 1;
    %store/vec4 v0000025ab2232870_0, 0, 1;
    %delay 10, 0;
    %pushi/vec4 0, 0, 1;
    %store/vec4 v0000025ab2232870_0, 0, 1;
    %delay 40, 0;
    %pushi/vec4 1, 0, 1;
    %store/vec4 v0000025ab2232910_0, 0, 1;
    %delay 10, 0;
    %pushi/vec4 0, 0, 1;
    %store/vec4 v0000025ab2232910_0, 0, 1;
    %delay 10, 0;
    %pushi/vec4 1, 0, 1;
    %store/vec4 v0000025ab2232910_0, 0, 1;
    %delay 10, 0;
    %pushi/vec4 0, 0, 1;
    %store/vec4 v0000025ab2232910_0, 0, 1;
    %delay 10, 0;
    %pushi/vec4 0, 0, 1;
    %store/vec4 v0000025ab2232910_0, 0, 1;
    %delay 10, 0;
    %pushi/vec4 1, 0, 1;
    %store/vec4 v0000025ab2232910_0, 0, 1;
    %delay 10, 0;
    %pushi/vec4 1, 0, 1;
    %store/vec4 v0000025ab2232910_0, 0, 1;
    %delay 10, 0;
    %pushi/vec4 0, 0, 1;
    %store/vec4 v0000025ab2232910_0, 0, 1;
    %delay 10, 0;
    %pushi/vec4 1, 0, 1;
    %store/vec4 v0000025ab2232910_0, 0, 1;
    %delay 10, 0;
    %pushi/vec4 0, 0, 1;
    %store/vec4 v0000025ab2232910_0, 0, 1;
    %delay 10, 0;
    %pushi/vec4 0, 0, 1;
    %store/vec4 v0000025ab2232910_0, 0, 1;
    %delay 10, 0;
    %pushi/vec4 1, 0, 1;
    %store/vec4 v0000025ab2232910_0, 0, 1;
    %delay 10, 0;
    %pushi/vec4 1, 0, 1;
    %store/vec4 v0000025ab2232910_0, 0, 1;
    %delay 10, 0;
    %pushi/vec4 0, 0, 1;
    %store/vec4 v0000025ab2232910_0, 0, 1;
    %delay 10, 0;
    %vpi_call 2 71 "$finish" {0 0 0};
    %end;
    .thread T_5;
# The file index is used to find the file name in the following table.
:file_names 4;
    "N/A";
    "<interactive>";
    "Seq_tb.v";
    "./Seq.v";
